<?xml version="1.0" encoding="UTF-8"?>
<testng-results ignored="0" total="1" passed="1" failed="0" skipped="0">
  <reporter-output>
  </reporter-output>
  <suite started-at="2023-02-16T11:06:42 IST" name="Suite" finished-at="2023-02-16T11:07:13 IST" duration-ms="31262">
    <groups>
    </groups>
    <test started-at="2023-02-16T11:06:42 IST" name="ChromeTest" finished-at="2023-02-16T11:07:13 IST" duration-ms="31262">
      <class name="SuitPack.Test4">
        <test-method is-config="true" signature="openBrowser(java.lang.String)[pri:0, instance:SuitPack.Test4@5c30a9b0]" started-at="2023-02-16T11:06:42 IST" name="openBrowser" finished-at="2023-02-16T11:06:45 IST" duration-ms="2957" status="PASS">
          <params>
            <param index="0">
              <value>
                <![CDATA[Chrome]]>
              </value>
            </param>
          </params>
          <reporter-output>
          </reporter-output>
        </test-method> <!-- openBrowser -->
        <test-method is-config="true" signature="classObject()[pri:0, instance:SuitPack.Test4@5c30a9b0]" started-at="2023-02-16T11:06:45 IST" name="classObject" finished-at="2023-02-16T11:06:45 IST" duration-ms="88" status="PASS">
          <reporter-output>
          </reporter-output>
        </test-method> <!-- classObject -->
        <test-method is-config="true" signature="openUrl()[pri:0, instance:SuitPack.Test4@5c30a9b0]" started-at="2023-02-16T11:06:45 IST" name="openUrl" finished-at="2023-02-16T11:07:01 IST" duration-ms="16269" status="PASS">
          <reporter-output>
          </reporter-output>
        </test-method> <!-- openUrl -->
        <test-method signature="verifyTermsOfServiceLink()[pri:0, instance:SuitPack.Test4@5c30a9b0]" started-at="2023-02-16T11:07:01 IST" name="verifyTermsOfServiceLink" finished-at="2023-02-16T11:07:08 IST" duration-ms="7236" status="PASS">
          <reporter-output>
          </reporter-output>
        </test-method> <!-- verifyTermsOfServiceLink -->
        <test-method is-config="true" signature="closeed(org.testng.ITestResult)[pri:0, instance:SuitPack.Test4@5c30a9b0]" started-at="2023-02-16T11:07:08 IST" name="closeed" finished-at="2023-02-16T11:07:12 IST" duration-ms="3681" status="PASS">
          <params>
            <param index="0">
              <value>
                <![CDATA[[TestResult name=verifyTermsOfServiceLink status=SUCCESS method=Test4.verifyTermsOfServiceLink()[pri:0, instance:SuitPack.Test4@5c30a9b0] output={null}]]]>
              </value>
            </param>
          </params>
          <reporter-output>
          </reporter-output>
        </test-method> <!-- closeed -->
        <test-method is-config="true" signature="afterClass()[pri:0, instance:SuitPack.Test4@5c30a9b0]" started-at="2023-02-16T11:07:12 IST" name="afterClass" finished-at="2023-02-16T11:07:12 IST" duration-ms="26" status="PASS">
          <reporter-output>
          </reporter-output>
        </test-method> <!-- afterClass -->
        <test-method is-config="true" signature="quit()[pri:0, instance:SuitPack.Test4@5c30a9b0]" started-at="2023-02-16T11:07:12 IST" name="quit" finished-at="2023-02-16T11:07:13 IST" duration-ms="828" status="PASS">
          <reporter-output>
          </reporter-output>
        </test-method> <!-- quit -->
      </class> <!-- SuitPack.Test4 -->
    </test> <!-- ChromeTest -->
  </suite> <!-- Suite -->
</testng-results>
