<?xml version="1.0" encoding="UTF-8"?>
<!-- Generated by org.testng.reporters.JUnitXMLReporter -->
<testsuite ignored="0" hostname="DESKTOP-5A7ANQT" failures="0" tests="5" name="ChromeTest" time="137.511" errors="0" timestamp="2023-02-09T15:14:13 IST">
  <testcase classname="SuitPack.Test1" name="verifyLogInPage" time="5.667"/>
  <testcase classname="SuitPack.Test1" name="verifySignInPage" time="5.588"/>
  <testcase classname="SuitPack.Test2" name="verifyCookiesUseLink" time="24.721"/>
  <testcase classname="SuitPack.Test2" name="verifyPrivacyPolicyLink" time="43.993"/>
  <testcase classname="SuitPack.Test2" name="verifyTermsOfServiceLink" time="7.564"/>
</testsuite> <!-- ChromeTest -->
