<?xml version="1.0" encoding="UTF-8"?>
<!-- Generated by org.testng.reporters.JUnitXMLReporter -->
<testsuite ignored="0" hostname="DESKTOP-5A7ANQT" failures="0" tests="5" name="EdgeTest" time="143.03" errors="0" timestamp="2023-02-09T15:20:47 IST">
  <testcase classname="SuitPack.Test1" name="verifyLogInPage" time="5.348"/>
  <testcase classname="SuitPack.Test1" name="verifySignInPage" time="5.231"/>
  <testcase classname="SuitPack.Test2" name="verifyCookiesUseLink" time="28.049"/>
  <testcase classname="SuitPack.Test2" name="verifyPrivacyPolicyLink" time="16.687"/>
  <testcase classname="SuitPack.Test2" name="verifyTermsOfServiceLink" time="8.125"/>
</testsuite> <!-- EdgeTest -->
