<?xml version="1.0" encoding="UTF-8"?>
<!-- Generated by org.testng.reporters.JUnitXMLReporter -->
<testsuite ignored="0" hostname="DESKTOP-5A7ANQT" failures="0" tests="5" name="FirefoxTest" time="157.446" errors="0" timestamp="2023-02-09T15:18:24 IST">
  <testcase classname="SuitPack.Test1" name="verifyLogInPage" time="5.727"/>
  <testcase classname="SuitPack.Test2" name="verifyCookiesUseLink" time="5.329"/>
  <testcase classname="SuitPack.Test1" name="verifySignInPage" time="5.678"/>
  <testcase classname="SuitPack.Test2" name="verifyPrivacyPolicyLink" time="5.33"/>
  <testcase classname="SuitPack.Test2" name="verifyTermsOfServiceLink" time="5.347"/>
</testsuite> <!-- FirefoxTest -->
