<?xml version="1.0" encoding="UTF-8"?>
<!-- Generated by org.testng.reporters.JUnitXMLReporter -->
<testsuite ignored="0" hostname="DESKTOP-5A7ANQT" failures="0" tests="8" name="EdgeTest" time="89.355" errors="0" timestamp="2023-02-12T18:26:06 IST">
  <testcase classname="SuitPack.Test3" name="verifyText" time="12.009"/>
  <testcase classname="SuitPack.Test2" name="verifyCookiesUseLink" time="12.255"/>
  <testcase classname="SuitPack.Test1" name="verifyLogInPage" time="7.096"/>
  <testcase classname="SuitPack.Test3" name="verifyText1" time="0.159"/>
  <testcase classname="SuitPack.Test3" name="verifyText2" time="0.196"/>
  <testcase classname="SuitPack.Test1" name="verifySignInPage" time="10.245"/>
  <testcase classname="SuitPack.Test2" name="verifyPrivacyPolicyLink" time="10.147"/>
  <testcase classname="SuitPack.Test2" name="verifyTermsOfServiceLink" time="10.522"/>
</testsuite> <!-- EdgeTest -->
